2023-05-09 00:04:28,241 INFO s.App [main] Коллекция успешно загружена.
2023-05-09 00:04:28,400 INFO s.App [main] Запуск сервера...
2023-05-09 00:04:28,405 INFO s.App [main] Сервер успешно запущен.
2023-05-09 00:04:28,407 INFO s.App [main] Прослушивание порта '1821'...
2023-05-09 00:04:35,756 INFO s.App [main] Соединение с клиентом успешно установлено.
2023-05-09 00:04:35,759 INFO s.App [main] Запрос 'execute_script' успешно обработан.
2023-05-09 00:04:35,765 INFO s.App [main] Соединение с клиентом успешно установлено.
2023-05-09 00:04:35,765 INFO s.App [main] Запрос 'info' успешно обработан.
2023-05-09 00:04:35,772 INFO s.App [main] Соединение с клиентом успешно установлено.
2023-05-09 00:04:35,772 INFO s.App [main] Запрос 'remove_by_id' успешно обработан.
2023-05-09 00:05:54,185 INFO s.App [main] Соединение с клиентом успешно установлено.
2023-05-09 00:05:54,185 INFO s.App [main] Запрос 'execute_script' успешно обработан.
2023-05-09 00:05:55,198 INFO s.App [main] Соединение с клиентом успешно установлено.
2023-05-09 00:05:55,199 INFO s.App [main] Запрос 'info' успешно обработан.
2023-05-09 00:05:56,212 INFO s.App [main] Соединение с клиентом успешно установлено.
2023-05-09 00:05:56,213 INFO s.App [main] Запрос 'remove_by_id' успешно обработан.
2023-05-09 00:07:17,171 INFO s.App [main] Соединение с клиентом успешно установлено.
2023-05-09 00:07:17,171 INFO s.App [main] Запрос 'execute_script' успешно обработан.
2023-05-09 00:07:18,176 INFO s.App [main] Соединение с клиентом успешно установлено.
2023-05-09 00:07:18,176 INFO s.App [main] Запрос 'remove_by_id' успешно обработан.
2023-05-09 00:07:19,187 INFO s.App [main] Соединение с клиентом успешно установлено.
2023-05-09 00:07:19,188 INFO s.App [main] Запрос 'show' успешно обработан.
2023-05-09 00:08:43,617 INFO s.App [main] Соединение с клиентом успешно установлено.
2023-05-09 00:08:43,617 INFO s.App [main] Запрос 'execute_script' успешно обработан.
2023-05-09 00:08:44,628 INFO s.App [main] Соединение с клиентом успешно установлено.
2023-05-09 00:08:44,628 INFO s.App [main] Запрос 'help' успешно обработан.
2023-05-09 00:08:45,641 INFO s.App [main] Соединение с клиентом успешно установлено.
2023-05-09 00:08:45,642 INFO s.App [main] Запрос 'help' успешно обработан.
2023-05-09 00:08:46,655 INFO s.App [main] Соединение с клиентом успешно установлено.
2023-05-09 00:08:46,655 INFO s.App [main] Запрос 'help' успешно обработан.
2023-05-09 00:09:15,531 INFO s.App [main] Соединение с клиентом успешно установлено.
2023-05-09 00:09:15,532 INFO s.App [main] Запрос 'execute_script' успешно обработан.
2023-05-09 00:09:16,547 INFO s.App [main] Соединение с клиентом успешно установлено.
2023-05-09 00:09:16,548 INFO s.App [main] Запрос 'help' успешно обработан.
2023-05-09 00:09:17,564 INFO s.App [main] Соединение с клиентом успешно установлено.
2023-05-09 00:09:17,565 INFO s.App [main] Запрос 'help' успешно обработан.
2023-05-09 00:09:18,578 INFO s.App [main] Соединение с клиентом успешно установлено.
2023-05-09 00:09:18,579 INFO s.App [main] Запрос 'help' успешно обработан.
2023-05-09 00:09:58,773 INFO s.App [main] Соединение с клиентом успешно установлено.
2023-05-09 00:09:58,774 INFO s.App [main] Запрос 'execute_script' успешно обработан.
2023-05-09 00:09:58,776 INFO s.App [main] Соединение с клиентом успешно установлено.
2023-05-09 00:09:58,776 INFO s.App [main] Запрос 'help' успешно обработан.
2023-05-09 00:09:58,779 INFO s.App [main] Соединение с клиентом успешно установлено.
2023-05-09 00:09:58,779 INFO s.App [main] Запрос 'help' успешно обработан.
2023-05-09 00:09:58,780 INFO s.App [main] Соединение с клиентом успешно установлено.
2023-05-09 00:09:58,780 INFO s.App [main] Запрос 'help' успешно обработан.
2023-05-09 00:10:19,117 INFO s.App [main] Соединение с клиентом успешно установлено.
2023-05-09 00:10:19,117 INFO s.App [main] Запрос 'execute_script' успешно обработан.
2023-05-09 00:10:19,119 INFO s.App [main] Соединение с клиентом успешно установлено.
2023-05-09 00:10:19,121 INFO s.App [main] Запрос 'help' успешно обработан.
2023-05-09 00:10:19,122 INFO s.App [main] Соединение с клиентом успешно установлено.
2023-05-09 00:10:19,122 INFO s.App [main] Запрос 'help' успешно обработан.
2023-05-09 00:11:52,369 INFO s.App [main] Соединение с клиентом успешно установлено.
2023-05-09 00:11:52,369 INFO s.App [main] Запрос 'execute_script' успешно обработан.
2023-05-09 00:11:52,372 INFO s.App [main] Соединение с клиентом успешно установлено.
2023-05-09 00:11:52,372 INFO s.App [main] Запрос 'info' успешно обработан.
2023-05-09 00:11:52,373 INFO s.App [main] Соединение с клиентом успешно установлено.
2023-05-09 00:11:52,373 INFO s.App [main] Запрос 'help' успешно обработан.
2023-05-09 00:16:07,484 INFO s.App [main] Коллекция успешно загружена.
2023-05-09 00:16:07,625 INFO s.App [main] Запуск сервера...
2023-05-09 00:16:07,630 INFO s.App [main] Сервер успешно запущен.
2023-05-09 00:16:07,633 INFO s.App [main] Прослушивание порта '1821'...
2023-05-09 00:16:12,808 INFO s.App [main] Соединение с клиентом успешно установлено.
2023-05-09 00:16:12,811 INFO s.App [main] Запрос 'execute_script' успешно обработан.
2023-05-09 00:16:12,815 INFO s.App [main] Соединение с клиентом успешно установлено.
2023-05-09 00:16:12,815 INFO s.App [main] Запрос 'help' успешно обработан.
2023-05-09 00:16:12,818 INFO s.App [main] Соединение с клиентом успешно установлено.
2023-05-09 00:16:12,819 INFO s.App [main] Запрос 'help' успешно обработан.
2023-05-09 00:16:12,820 INFO s.App [main] Соединение с клиентом успешно установлено.
2023-05-09 00:16:12,821 INFO s.App [main] Запрос 'help' успешно обработан.
2023-05-09 00:17:11,694 INFO s.App [main] Соединение с клиентом успешно установлено.
2023-05-09 00:17:11,695 INFO s.App [main] Запрос 'execute_script' успешно обработан.
2023-05-09 00:17:11,697 INFO s.App [main] Соединение с клиентом успешно установлено.
2023-05-09 00:17:11,697 INFO s.App [main] Запрос 'info' успешно обработан.
2023-05-09 00:17:11,703 INFO s.App [main] Соединение с клиентом успешно установлено.
2023-05-09 00:17:11,703 INFO s.App [main] Запрос 'help' успешно обработан.
2023-05-09 00:17:45,800 INFO s.App [main] Соединение с клиентом успешно установлено.
2023-05-09 00:17:45,801 INFO s.App [main] Запрос 'execute_script' успешно обработан.
2023-05-09 00:17:45,804 INFO s.App [main] Соединение с клиентом успешно установлено.
2023-05-09 00:17:45,804 INFO s.App [main] Запрос 'show' успешно обработан.
2023-05-09 00:17:45,819 INFO s.App [main] Соединение с клиентом успешно установлено.
2023-05-09 00:17:45,820 INFO s.App [main] Запрос 'help' успешно обработан.
2023-05-09 00:19:23,952 INFO s.App [main] Соединение с клиентом успешно установлено.
2023-05-09 00:19:23,953 INFO s.App [main] Запрос 'execute_script' успешно обработан.
2023-05-09 00:19:23,955 INFO s.App [main] Соединение с клиентом успешно установлено.
2023-05-09 00:19:23,955 INFO s.App [main] Запрос 'show' успешно обработан.
2023-05-09 00:19:23,958 INFO s.App [main] Соединение с клиентом успешно установлено.
2023-05-09 00:19:23,958 INFO s.App [main] Запрос 'help' успешно обработан.
2023-05-09 00:19:53,612 INFO s.App [main] Соединение с клиентом успешно установлено.
2023-05-09 00:19:53,613 INFO s.App [main] Запрос 'execute_script' успешно обработан.
2023-05-09 00:19:53,615 INFO s.App [main] Соединение с клиентом успешно установлено.
2023-05-09 00:19:53,615 INFO s.App [main] Запрос 'show' успешно обработан.
2023-05-09 00:19:53,617 INFO s.App [main] Соединение с клиентом успешно установлено.
2023-05-09 00:19:53,617 INFO s.App [main] Запрос 'history' успешно обработан.
2023-05-09 00:23:02,308 INFO s.App [main] Коллекция успешно загружена.
2023-05-09 00:23:02,466 INFO s.App [main] Запуск сервера...
2023-05-09 00:23:02,471 INFO s.App [main] Сервер успешно запущен.
2023-05-09 00:23:02,482 INFO s.App [main] Прослушивание порта '1821'...
2023-05-09 00:23:46,672 INFO s.App [main] Соединение с клиентом успешно установлено.
2023-05-09 00:23:46,675 INFO s.App [main] Запрос 'execute_script' успешно обработан.
2023-05-09 00:23:46,679 INFO s.App [main] Соединение с клиентом успешно установлено.
2023-05-09 00:23:46,681 INFO s.App [main] Запрос 'info' успешно обработан.
2023-05-09 00:23:46,686 INFO s.App [main] Соединение с клиентом успешно установлено.
2023-05-09 00:23:46,687 INFO s.App [main] Запрос 'history' успешно обработан.
2023-05-09 00:23:46,688 INFO s.App [main] Соединение с клиентом успешно установлено.
2023-05-09 00:23:46,688 INFO s.App [main] Запрос 'show' успешно обработан.
2023-05-09 00:23:46,704 INFO s.App [main] Соединение с клиентом успешно установлено.
2023-05-09 00:23:46,704 INFO s.App [main] Запрос 'help' успешно обработан.
2023-05-09 00:23:46,706 INFO s.App [main] Соединение с клиентом успешно установлено.
2023-05-09 00:23:46,707 INFO s.App [main] Запрос 'info' успешно обработан.
2023-05-09 00:23:46,708 INFO s.App [main] Соединение с клиентом успешно установлено.
2023-05-09 00:23:46,708 INFO s.App [main] Запрос 'history' успешно обработан.
2023-05-09 00:26:16,536 INFO s.App [main] Коллекция успешно загружена.
2023-05-09 00:26:16,673 INFO s.App [main] Запуск сервера...
2023-05-09 00:26:16,679 INFO s.App [main] Сервер успешно запущен.
2023-05-09 00:26:16,681 INFO s.App [main] Прослушивание порта '1821'...
2023-05-09 00:26:26,299 INFO s.App [main] Соединение с клиентом успешно установлено.
2023-05-09 00:26:26,301 INFO s.App [main] Запрос 'help' успешно обработан.
2023-05-09 00:26:29,265 INFO s.App [main] Соединение с клиентом успешно установлено.
2023-05-09 00:26:29,266 INFO s.App [main] Запрос 'info' успешно обработан.
2023-05-09 00:26:45,174 INFO s.App [main] Соединение с клиентом успешно установлено.
2023-05-09 00:26:45,174 INFO s.App [main] Запрос 'execute_script' успешно обработан.
2023-05-09 00:26:45,175 INFO s.App [main] Соединение с клиентом успешно установлено.
2023-05-09 00:26:45,176 INFO s.App [main] Запрос 'help' успешно обработан.
2023-05-09 00:26:45,178 INFO s.App [main] Соединение с клиентом успешно установлено.
2023-05-09 00:26:45,178 INFO s.App [main] Запрос 'info' успешно обработан.
2023-05-09 00:26:45,179 INFO s.App [main] Соединение с клиентом успешно установлено.
2023-05-09 00:26:45,179 INFO s.App [main] Запрос 'show' успешно обработан.
2023-05-09 00:26:45,225 INFO s.App [main] Соединение с клиентом успешно установлено.
2023-05-09 00:26:45,234 INFO s.App [main] Запрос 'add' успешно обработан.
2023-05-09 00:26:45,243 INFO s.App [main] Соединение с клиентом успешно установлено.
2023-05-09 00:26:45,243 INFO s.App [main] Запрос 'execute_script' успешно обработан.
2023-05-09 00:26:45,244 INFO s.App [main] Соединение с клиентом успешно установлено.
2023-05-09 00:26:45,245 INFO s.App [main] Запрос 'info' успешно обработан.
2023-05-09 00:26:45,246 INFO s.App [main] Соединение с клиентом успешно установлено.
2023-05-09 00:26:45,246 INFO s.App [main] Запрос 'remove_by_id' успешно обработан.
2023-05-09 00:26:45,257 INFO s.App [main] Соединение с клиентом успешно установлено.
2023-05-09 00:26:45,257 INFO s.App [main] Запрос 'history' успешно обработан.
2023-05-09 00:29:50,973 INFO s.App [main] Соединение с клиентом успешно установлено.
2023-05-09 00:29:50,974 INFO s.App [main] Запрос 'help' успешно обработан.
2023-05-09 00:29:55,719 INFO s.App [main] Соединение с клиентом успешно установлено.
2023-05-09 00:29:55,720 INFO s.App [main] Запрос 'exit' успешно обработан.
2023-05-09 00:30:19,570 INFO s.App [main] Соединение с клиентом успешно установлено.
2023-05-09 00:30:19,570 INFO s.App [main] Запрос 'execute_script' успешно обработан.
2023-05-09 00:30:19,573 INFO s.App [main] Соединение с клиентом успешно установлено.
2023-05-09 00:30:19,573 INFO s.App [main] Запрос 'info' успешно обработан.
2023-05-09 00:30:19,574 INFO s.App [main] Соединение с клиентом успешно установлено.
2023-05-09 00:30:19,574 INFO s.App [main] Запрос 'remove_by_id' успешно обработан.
2023-05-09 00:30:19,575 INFO s.App [main] Соединение с клиентом успешно установлено.
2023-05-09 00:30:19,575 INFO s.App [main] Запрос 'history' успешно обработан.
2023-05-09 00:36:40,299 INFO s.App [main] Коллекция успешно загружена.
2023-05-09 00:36:40,459 INFO s.App [main] Запуск сервера...
2023-05-09 00:36:40,466 INFO s.App [main] Сервер успешно запущен.
2023-05-09 00:36:40,468 INFO s.App [main] Прослушивание порта '1821'...
2023-05-09 00:36:50,134 INFO s.App [main] Соединение с клиентом успешно установлено.
2023-05-09 00:36:50,135 INFO s.App [main] Запрос 'help' успешно обработан.
2023-05-09 00:36:52,739 INFO s.App [main] Соединение с клиентом успешно установлено.
2023-05-09 00:36:52,740 INFO s.App [main] Запрос 'info' успешно обработан.
2023-05-09 00:37:20,628 INFO s.App [main] Соединение с клиентом успешно установлено.
2023-05-09 00:37:20,635 INFO s.App [main] Запрос 'add' успешно обработан.
2023-05-09 00:37:24,096 INFO s.App [main] Соединение с клиентом успешно установлено.
2023-05-09 00:37:24,096 INFO s.App [main] Запрос 'show' успешно обработан.
2023-05-09 00:37:35,588 INFO s.App [main] Соединение с клиентом успешно установлено.
2023-05-09 00:37:35,589 INFO s.App [main] Запрос 'execute_script' успешно обработан.
2023-05-09 00:37:35,590 INFO s.App [main] Соединение с клиентом успешно установлено.
2023-05-09 00:37:35,590 INFO s.App [main] Запрос 'help' успешно обработан.
2023-05-09 00:37:35,592 INFO s.App [main] Соединение с клиентом успешно установлено.
2023-05-09 00:37:35,592 INFO s.App [main] Запрос 'info' успешно обработан.
2023-05-09 00:37:35,593 INFO s.App [main] Соединение с клиентом успешно установлено.
2023-05-09 00:37:35,593 INFO s.App [main] Запрос 'show' успешно обработан.
2023-05-09 00:37:35,596 INFO s.App [main] Соединение с клиентом успешно установлено.
2023-05-09 00:37:35,597 INFO s.App [main] Запрос 'add' успешно обработан.
2023-05-09 00:37:35,598 INFO s.App [main] Соединение с клиентом успешно установлено.
2023-05-09 00:37:35,598 INFO s.App [main] Запрос 'execute_script' успешно обработан.
2023-05-09 00:37:35,598 INFO s.App [main] Соединение с клиентом успешно установлено.
2023-05-09 00:37:35,600 INFO s.App [main] Запрос 'info' успешно обработан.
2023-05-09 00:37:35,600 INFO s.App [main] Соединение с клиентом успешно установлено.
2023-05-09 00:37:35,601 INFO s.App [main] Запрос 'remove_by_id' успешно обработан.
2023-05-09 00:37:35,610 INFO s.App [main] Соединение с клиентом успешно установлено.
2023-05-09 00:37:35,611 INFO s.App [main] Запрос 'history' успешно обработан.
2023-05-09 00:38:38,399 INFO s.App [main] Соединение с клиентом успешно установлено.
2023-05-09 00:38:38,399 INFO s.App [main] Запрос 'execute_script' успешно обработан.
2023-05-09 00:38:38,403 INFO s.App [main] Соединение с клиентом успешно установлено.
2023-05-09 00:38:38,403 INFO s.App [main] Запрос 'help' успешно обработан.
2023-05-09 00:38:38,406 INFO s.App [main] Соединение с клиентом успешно установлено.
2023-05-09 00:38:38,406 INFO s.App [main] Запрос 'info' успешно обработан.
2023-05-09 00:38:38,407 INFO s.App [main] Соединение с клиентом успешно установлено.
2023-05-09 00:38:38,407 INFO s.App [main] Запрос 'show' успешно обработан.
2023-05-09 00:38:38,446 INFO s.App [main] Соединение с клиентом успешно установлено.
2023-05-09 00:38:38,450 INFO s.App [main] Запрос 'add' успешно обработан.
2023-05-09 00:38:38,451 INFO s.App [main] Соединение с клиентом успешно установлено.
2023-05-09 00:38:38,452 INFO s.App [main] Запрос 'execute_script' успешно обработан.
2023-05-09 00:38:38,452 INFO s.App [main] Соединение с клиентом успешно установлено.
2023-05-09 00:38:38,453 INFO s.App [main] Запрос 'info' успешно обработан.
2023-05-09 00:38:38,453 INFO s.App [main] Соединение с клиентом успешно установлено.
2023-05-09 00:38:38,454 INFO s.App [main] Запрос 'remove_by_id' успешно обработан.
2023-05-09 00:38:38,455 INFO s.App [main] Соединение с клиентом успешно установлено.
2023-05-09 00:38:38,455 INFO s.App [main] Запрос 'history' успешно обработан.
2023-05-09 00:39:46,879 INFO s.App [main] Соединение с клиентом успешно установлено.
2023-05-09 00:39:46,879 INFO s.App [main] Запрос 'execute_script' успешно обработан.
2023-05-09 00:39:46,882 INFO s.App [main] Соединение с клиентом успешно установлено.
2023-05-09 00:39:46,882 INFO s.App [main] Запрос 'help' успешно обработан.
2023-05-09 00:39:46,884 INFO s.App [main] Соединение с клиентом успешно установлено.
2023-05-09 00:39:46,884 INFO s.App [main] Запрос 'info' успешно обработан.
2023-05-09 00:39:46,886 INFO s.App [main] Соединение с клиентом успешно установлено.
2023-05-09 00:39:46,886 INFO s.App [main] Запрос 'show' успешно обработан.
2023-05-09 00:39:46,922 INFO s.App [main] Соединение с клиентом успешно установлено.
2023-05-09 00:39:46,923 INFO s.App [main] Запрос 'add' успешно обработан.
2023-05-09 00:39:46,925 INFO s.App [main] Соединение с клиентом успешно установлено.
2023-05-09 00:39:46,925 INFO s.App [main] Запрос 'execute_script' успешно обработан.
2023-05-09 00:39:46,926 INFO s.App [main] Соединение с клиентом успешно установлено.
2023-05-09 00:39:46,926 INFO s.App [main] Запрос 'info' успешно обработан.
2023-05-09 00:39:46,928 INFO s.App [main] Соединение с клиентом успешно установлено.
2023-05-09 00:39:46,928 INFO s.App [main] Запрос 'remove_by_id' успешно обработан.
2023-05-09 00:39:46,929 INFO s.App [main] Соединение с клиентом успешно установлено.
2023-05-09 00:39:46,929 INFO s.App [main] Запрос 'history' успешно обработан.
2023-05-09 00:40:53,980 INFO s.App [main] Соединение с клиентом успешно установлено.
2023-05-09 00:40:53,980 INFO s.App [main] Запрос 'execute_script' успешно обработан.
2023-05-09 00:40:53,982 INFO s.App [main] Соединение с клиентом успешно установлено.
2023-05-09 00:40:53,983 INFO s.App [main] Запрос 'help' успешно обработан.
2023-05-09 00:40:53,985 INFO s.App [main] Соединение с клиентом успешно установлено.
2023-05-09 00:40:53,985 INFO s.App [main] Запрос 'info' успешно обработан.
2023-05-09 00:40:53,986 INFO s.App [main] Соединение с клиентом успешно установлено.
2023-05-09 00:40:53,986 INFO s.App [main] Запрос 'show' успешно обработан.
2023-05-09 00:40:54,021 INFO s.App [main] Соединение с клиентом успешно установлено.
2023-05-09 00:40:54,022 INFO s.App [main] Запрос 'add' успешно обработан.
2023-05-09 00:40:54,023 INFO s.App [main] Соединение с клиентом успешно установлено.
2023-05-09 00:40:54,024 INFO s.App [main] Запрос 'execute_script' успешно обработан.
2023-05-09 00:40:54,025 INFO s.App [main] Соединение с клиентом успешно установлено.
2023-05-09 00:40:54,025 INFO s.App [main] Запрос 'info' успешно обработан.
2023-05-09 00:40:54,026 INFO s.App [main] Соединение с клиентом успешно установлено.
2023-05-09 00:40:54,026 INFO s.App [main] Запрос 'remove_by_id' успешно обработан.
2023-05-09 00:40:54,027 INFO s.App [main] Соединение с клиентом успешно установлено.
2023-05-09 00:40:54,027 INFO s.App [main] Запрос 'history' успешно обработан.
2023-05-09 00:42:56,880 INFO s.App [main] Соединение с клиентом успешно установлено.
2023-05-09 00:42:56,880 INFO s.App [main] Запрос 'execute_script' успешно обработан.
2023-05-09 00:42:56,883 INFO s.App [main] Соединение с клиентом успешно установлено.
2023-05-09 00:42:56,883 INFO s.App [main] Запрос 'help' успешно обработан.
2023-05-09 00:42:56,885 INFO s.App [main] Соединение с клиентом успешно установлено.
2023-05-09 00:42:56,885 INFO s.App [main] Запрос 'info' успешно обработан.
2023-05-09 00:42:56,885 INFO s.App [main] Соединение с клиентом успешно установлено.
2023-05-09 00:42:56,887 INFO s.App [main] Запрос 'show' успешно обработан.
2023-05-09 00:42:56,920 INFO s.App [main] Соединение с клиентом успешно установлено.
2023-05-09 00:42:56,921 INFO s.App [main] Запрос 'add' успешно обработан.
2023-05-09 00:42:56,930 INFO s.App [main] Соединение с клиентом успешно установлено.
2023-05-09 00:42:56,931 INFO s.App [main] Запрос 'execute_script' успешно обработан.
2023-05-09 00:42:56,932 INFO s.App [main] Соединение с клиентом успешно установлено.
2023-05-09 00:42:56,932 INFO s.App [main] Запрос 'info' успешно обработан.
2023-05-09 00:42:56,933 INFO s.App [main] Соединение с клиентом успешно установлено.
2023-05-09 00:42:56,933 INFO s.App [main] Запрос 'remove_by_id' успешно обработан.
2023-05-09 00:42:56,934 INFO s.App [main] Соединение с клиентом успешно установлено.
2023-05-09 00:42:56,934 INFO s.App [main] Запрос 'history' успешно обработан.
2023-05-09 00:42:56,936 INFO s.App [main] Соединение с клиентом успешно установлено.
2023-05-09 00:42:56,936 INFO s.App [main] Запрос '' успешно обработан.
2023-05-09 00:43:19,656 INFO s.App [main] Соединение с клиентом успешно установлено.
2023-05-09 00:43:19,656 INFO s.App [main] Запрос 'execute_script' успешно обработан.
2023-05-09 00:43:19,659 INFO s.App [main] Соединение с клиентом успешно установлено.
2023-05-09 00:43:19,659 INFO s.App [main] Запрос 'help' успешно обработан.
2023-05-09 00:43:19,661 INFO s.App [main] Соединение с клиентом успешно установлено.
2023-05-09 00:43:19,662 INFO s.App [main] Запрос 'info' успешно обработан.
2023-05-09 00:43:19,662 INFO s.App [main] Соединение с клиентом успешно установлено.
2023-05-09 00:43:19,662 INFO s.App [main] Запрос 'show' успешно обработан.
2023-05-09 00:43:19,697 INFO s.App [main] Соединение с клиентом успешно установлено.
2023-05-09 00:43:19,698 INFO s.App [main] Запрос 'add' успешно обработан.
2023-05-09 00:43:19,709 INFO s.App [main] Соединение с клиентом успешно установлено.
2023-05-09 00:43:19,710 INFO s.App [main] Запрос 'execute_script' успешно обработан.
2023-05-09 00:43:19,711 INFO s.App [main] Соединение с клиентом успешно установлено.
2023-05-09 00:43:19,711 INFO s.App [main] Запрос 'info' успешно обработан.
2023-05-09 00:43:19,711 INFO s.App [main] Соединение с клиентом успешно установлено.
2023-05-09 00:43:19,711 INFO s.App [main] Запрос 'remove_by_id' успешно обработан.
2023-05-09 00:43:19,712 INFO s.App [main] Соединение с клиентом успешно установлено.
2023-05-09 00:43:19,712 INFO s.App [main] Запрос 'history' успешно обработан.
2023-05-09 00:45:27,326 INFO s.App [main] Соединение с клиентом успешно установлено.
2023-05-09 00:45:27,327 INFO s.App [main] Запрос 'help' успешно обработан.
2023-05-09 00:45:34,788 INFO s.App [main] Соединение с клиентом успешно установлено.
2023-05-09 00:45:34,788 INFO s.App [main] Запрос 'server_exit' успешно обработан.
2023-05-09 00:45:34,819 INFO s.App [main] Завершение работы сервера...
2023-05-09 00:45:34,820 INFO s.App [main] Работа сервера успешно завершена.
2023-05-09 00:52:39,972 INFO s.App [main] Коллекция успешно загружена.
2023-05-09 00:52:40,125 INFO s.App [main] Запуск сервера...
2023-05-09 00:52:40,130 INFO s.App [main] Сервер успешно запущен.
2023-05-09 00:52:40,141 INFO s.App [main] Прослушивание порта '1821'...
2023-05-09 00:52:44,604 INFO s.App [main] Соединение с клиентом успешно установлено.
2023-05-09 00:52:44,607 INFO s.App [main] Запрос 'execute_script' успешно обработан.
2023-05-09 00:52:44,622 INFO s.App [main] Соединение с клиентом успешно установлено.
2023-05-09 00:52:44,622 INFO s.App [main] Запрос 'help' успешно обработан.
2023-05-09 00:52:44,625 INFO s.App [main] Соединение с клиентом успешно установлено.
2023-05-09 00:52:44,626 INFO s.App [main] Запрос 'info' успешно обработан.
2023-05-09 00:52:44,632 INFO s.App [main] Соединение с клиентом успешно установлено.
2023-05-09 00:52:44,632 INFO s.App [main] Запрос 'show' успешно обработан.
2023-05-09 00:52:44,689 INFO s.App [main] Соединение с клиентом успешно установлено.
2023-05-09 00:52:44,698 INFO s.App [main] Запрос 'add' успешно обработан.
2023-05-09 00:52:44,706 INFO s.App [main] Соединение с клиентом успешно установлено.
2023-05-09 00:52:44,707 INFO s.App [main] Запрос 'execute_script' успешно обработан.
2023-05-09 00:52:44,708 INFO s.App [main] Соединение с клиентом успешно установлено.
2023-05-09 00:52:44,708 INFO s.App [main] Запрос 'info' успешно обработан.
2023-05-09 00:52:44,709 INFO s.App [main] Соединение с клиентом успешно установлено.
2023-05-09 00:52:44,709 INFO s.App [main] Запрос 'remove_by_id' успешно обработан.
2023-05-09 00:52:44,715 INFO s.App [main] Соединение с клиентом успешно установлено.
2023-05-09 00:52:44,715 INFO s.App [main] Запрос 'history' успешно обработан.
2023-05-09 00:54:00,084 INFO s.App [main] Соединение с клиентом успешно установлено.
2023-05-09 00:54:00,084 INFO s.App [main] Запрос 'execute_script' успешно обработан.
2023-05-09 00:54:00,086 INFO s.App [main] Соединение с клиентом успешно установлено.
2023-05-09 00:54:00,088 INFO s.App [main] Запрос 'help' успешно обработан.
2023-05-09 00:54:00,090 INFO s.App [main] Соединение с клиентом успешно установлено.
2023-05-09 00:54:00,090 INFO s.App [main] Запрос 'info' успешно обработан.
2023-05-09 00:54:00,091 INFO s.App [main] Соединение с клиентом успешно установлено.
2023-05-09 00:54:00,091 INFO s.App [main] Запрос 'show' успешно обработан.
2023-05-09 00:54:00,131 INFO s.App [main] Соединение с клиентом успешно установлено.
2023-05-09 00:54:00,132 INFO s.App [main] Запрос 'add' успешно обработан.
2023-05-09 00:54:00,134 INFO s.App [main] Соединение с клиентом успешно установлено.
2023-05-09 00:54:00,134 INFO s.App [main] Запрос 'execute_script' успешно обработан.
2023-05-09 00:54:00,135 INFO s.App [main] Соединение с клиентом успешно установлено.
2023-05-09 00:54:00,135 INFO s.App [main] Запрос 'info' успешно обработан.
2023-05-09 00:54:00,136 INFO s.App [main] Соединение с клиентом успешно установлено.
2023-05-09 00:54:00,136 INFO s.App [main] Запрос 'remove_by_id' успешно обработан.
2023-05-09 00:54:00,137 INFO s.App [main] Соединение с клиентом успешно установлено.
2023-05-09 00:54:00,138 INFO s.App [main] Запрос 'history' успешно обработан.
2023-05-09 00:54:23,173 INFO s.App [main] Соединение с клиентом успешно установлено.
2023-05-09 00:54:23,174 INFO s.App [main] Запрос 'execute_script' успешно обработан.
2023-05-09 00:54:23,177 INFO s.App [main] Соединение с клиентом успешно установлено.
2023-05-09 00:54:23,177 INFO s.App [main] Запрос 'help' успешно обработан.
2023-05-09 00:54:23,179 INFO s.App [main] Соединение с клиентом успешно установлено.
2023-05-09 00:54:23,179 INFO s.App [main] Запрос 'info' успешно обработан.
2023-05-09 00:54:23,180 INFO s.App [main] Соединение с клиентом успешно установлено.
2023-05-09 00:54:23,180 INFO s.App [main] Запрос 'show' успешно обработан.
2023-05-09 00:54:23,220 INFO s.App [main] Соединение с клиентом успешно установлено.
2023-05-09 00:54:23,224 INFO s.App [main] Запрос 'add' успешно обработан.
2023-05-09 00:54:23,225 INFO s.App [main] Соединение с клиентом успешно установлено.
2023-05-09 00:54:23,225 INFO s.App [main] Запрос 'execute_script' успешно обработан.
2023-05-09 00:54:23,226 INFO s.App [main] Соединение с клиентом успешно установлено.
2023-05-09 00:54:23,226 INFO s.App [main] Запрос 'info' успешно обработан.
2023-05-09 00:54:23,227 INFO s.App [main] Соединение с клиентом успешно установлено.
2023-05-09 00:54:23,227 INFO s.App [main] Запрос 'remove_by_id' успешно обработан.
2023-05-09 00:54:23,228 INFO s.App [main] Соединение с клиентом успешно установлено.
2023-05-09 00:54:23,228 INFO s.App [main] Запрос 'history' успешно обработан.
2023-05-09 01:10:11,988 INFO s.App [main] Коллекция успешно загружена.
2023-05-09 01:10:12,145 INFO s.App [main] Запуск сервера...
2023-05-09 01:10:12,152 INFO s.App [main] Сервер успешно запущен.
2023-05-09 01:10:12,155 INFO s.App [main] Прослушивание порта '1821'...
2023-05-09 01:15:06,854 INFO s.App [main] Коллекция успешно загружена.
2023-05-09 01:15:07,029 INFO s.App [main] Запуск сервера...
2023-05-09 01:15:07,033 INFO s.App [main] Сервер успешно запущен.
2023-05-09 01:15:07,043 INFO s.App [main] Прослушивание порта '1821'...
2023-05-09 01:15:15,461 INFO s.App [main] Соединение с клиентом успешно установлено.
2023-05-09 01:15:15,463 INFO s.App [main] Запрос 'help' успешно обработан.
2023-05-09 01:15:18,872 INFO s.App [main] Соединение с клиентом успешно установлено.
2023-05-09 01:15:18,872 INFO s.App [main] Запрос 'info' успешно обработан.
2023-05-09 01:15:29,296 INFO s.App [main] Соединение с клиентом успешно установлено.
2023-05-09 01:15:29,296 INFO s.App [main] Запрос 'server_exit' успешно обработан.
2023-05-09 01:15:41,422 INFO s.App [main] Соединение с клиентом успешно установлено.
2023-05-09 01:15:41,423 INFO s.App [main] Запрос 'save' успешно обработан.
2023-05-09 01:18:04,476 INFO s.App [main] Коллекция успешно загружена.
2023-05-09 01:18:04,624 INFO s.App [main] Запуск сервера...
2023-05-09 01:18:04,630 INFO s.App [main] Сервер успешно запущен.
2023-05-09 01:18:04,632 INFO s.App [main] Прослушивание порта '1821'...
2023-05-09 01:18:12,539 INFO s.App [main] Соединение с клиентом успешно установлено.
2023-05-09 01:18:12,541 INFO s.App [main] Запрос 'help' успешно обработан.
2023-05-09 01:18:14,961 INFO s.App [main] Соединение с клиентом успешно установлено.
2023-05-09 01:18:14,962 INFO s.App [main] Запрос 'info' успешно обработан.
2023-05-09 01:18:22,836 INFO s.App [main] Соединение с клиентом успешно установлено.
2023-05-09 01:18:22,837 INFO s.App [main] Запрос 'remove_by_id' успешно обработан.
2023-05-09 01:18:25,972 INFO s.App [main] Соединение с клиентом успешно установлено.
2023-05-09 01:18:25,972 INFO s.App [main] Запрос 'show' успешно обработан.
2023-05-09 01:19:04,172 INFO s.App [main] Соединение с клиентом успешно установлено.
2023-05-09 01:19:04,174 INFO s.App [main] Запрос 'remove_all_by_author' успешно обработан.
2023-05-09 01:19:07,891 INFO s.App [main] Соединение с клиентом успешно установлено.
2023-05-09 01:19:07,891 INFO s.App [main] Запрос 'info' успешно обработан.
2023-05-09 01:19:30,810 INFO s.App [main] Соединение с клиентом успешно установлено.
2023-05-09 01:19:30,810 INFO s.App [main] Запрос 'execute_script' успешно обработан.
2023-05-09 01:19:30,811 INFO s.App [main] Соединение с клиентом успешно установлено.
2023-05-09 01:19:30,811 INFO s.App [main] Запрос 'help' успешно обработан.
2023-05-09 01:19:30,814 INFO s.App [main] Соединение с клиентом успешно установлено.
2023-05-09 01:19:30,814 INFO s.App [main] Запрос 'info' успешно обработан.
2023-05-09 01:19:30,815 INFO s.App [main] Соединение с клиентом успешно установлено.
2023-05-09 01:19:30,815 INFO s.App [main] Запрос 'show' успешно обработан.
2023-05-09 01:19:30,843 INFO s.App [main] Соединение с клиентом успешно установлено.
2023-05-09 01:19:30,853 INFO s.App [main] Запрос 'add' успешно обработан.
2023-05-09 01:19:30,855 INFO s.App [main] Соединение с клиентом успешно установлено.
2023-05-09 01:19:30,855 INFO s.App [main] Запрос 'execute_script' успешно обработан.
2023-05-09 01:19:30,856 INFO s.App [main] Соединение с клиентом успешно установлено.
2023-05-09 01:19:30,857 INFO s.App [main] Запрос 'info' успешно обработан.
2023-05-09 01:19:30,857 INFO s.App [main] Соединение с клиентом успешно установлено.
2023-05-09 01:19:30,858 INFO s.App [main] Запрос 'remove_by_id' успешно обработан.
2023-05-09 01:19:30,858 INFO s.App [main] Соединение с клиентом успешно установлено.
2023-05-09 01:19:30,858 INFO s.App [main] Запрос 'history' успешно обработан.
2023-05-09 01:19:52,927 INFO s.App [main] Соединение с клиентом успешно установлено.
2023-05-09 01:19:52,928 INFO s.App [main] Запрос 'show' успешно обработан.
2023-05-09 04:14:09,834 INFO s.App [main] Коллекция успешно загружена.
2023-05-09 04:14:10,078 INFO s.App [main] Запуск сервера...
2023-05-09 04:14:10,084 INFO s.App [main] Сервер успешно запущен.
2023-05-09 04:14:10,092 INFO s.App [main] Прослушивание порта '1821'...
2023-05-09 04:14:29,515 INFO s.App [main] Соединение с клиентом успешно установлено.
2023-05-09 04:14:29,517 INFO s.App [main] Запрос 'help' успешно обработан.
2023-05-09 04:14:32,204 INFO s.App [main] Соединение с клиентом успешно установлено.
2023-05-09 04:14:32,204 INFO s.App [main] Запрос 'info' успешно обработан.
2023-05-09 04:14:42,788 INFO s.App [main] Соединение с клиентом успешно установлено.
2023-05-09 04:14:42,788 INFO s.App [main] Запрос 'execute_script' успешно обработан.
2023-05-09 04:14:42,789 INFO s.App [main] Соединение с клиентом успешно установлено.
2023-05-09 04:14:42,790 INFO s.App [main] Запрос 'help' успешно обработан.
2023-05-09 04:14:42,791 INFO s.App [main] Соединение с клиентом успешно установлено.
2023-05-09 04:14:42,791 INFO s.App [main] Запрос 'info' успешно обработан.
2023-05-09 04:14:42,792 INFO s.App [main] Соединение с клиентом успешно установлено.
2023-05-09 04:14:42,792 INFO s.App [main] Запрос 'show' успешно обработан.
2023-05-09 04:14:42,863 INFO s.App [main] Соединение с клиентом успешно установлено.
2023-05-09 04:14:42,870 INFO s.App [main] Запрос 'add' успешно обработан.
2023-05-09 04:14:42,878 INFO s.App [main] Соединение с клиентом успешно установлено.
2023-05-09 04:14:42,878 INFO s.App [main] Запрос 'execute_script' успешно обработан.
2023-05-09 04:14:42,879 INFO s.App [main] Соединение с клиентом успешно установлено.
2023-05-09 04:14:42,879 INFO s.App [main] Запрос 'info' успешно обработан.
2023-05-09 04:14:42,880 INFO s.App [main] Соединение с клиентом успешно установлено.
2023-05-09 04:14:42,880 INFO s.App [main] Запрос 'remove_by_id' успешно обработан.
2023-05-09 04:14:42,883 INFO s.App [main] Соединение с клиентом успешно установлено.
2023-05-09 04:14:42,883 INFO s.App [main] Запрос 'history' успешно обработан.
2023-05-09 04:15:43,268 INFO s.App [main] Соединение с клиентом успешно установлено.
2023-05-09 04:15:43,269 INFO s.App [main] Запрос 'show' успешно обработан.
2023-05-09 04:17:17,701 INFO s.App [main] Соединение с клиентом успешно установлено.
2023-05-09 04:17:17,701 INFO s.App [main] Запрос 'execute_script' успешно обработан.
2023-05-09 04:17:17,704 INFO s.App [main] Соединение с клиентом успешно установлено.
2023-05-09 04:17:17,705 INFO s.App [main] Запрос 'help' успешно обработан.
2023-05-09 04:17:17,707 INFO s.App [main] Соединение с клиентом успешно установлено.
2023-05-09 04:17:17,707 INFO s.App [main] Запрос 'info' успешно обработан.
2023-05-09 04:17:17,707 INFO s.App [main] Соединение с клиентом успешно установлено.
2023-05-09 04:17:17,708 INFO s.App [main] Запрос 'show' успешно обработан.
2023-05-09 04:17:17,739 INFO s.App [main] Соединение с клиентом успешно установлено.
2023-05-09 04:17:17,740 INFO s.App [main] Запрос 'add' успешно обработан.
2023-05-09 04:17:17,741 INFO s.App [main] Соединение с клиентом успешно установлено.
2023-05-09 04:17:17,742 INFO s.App [main] Запрос 'execute_script' успешно обработан.
2023-05-09 04:17:17,742 INFO s.App [main] Соединение с клиентом успешно установлено.
2023-05-09 04:17:17,743 INFO s.App [main] Запрос 'info' успешно обработан.
2023-05-09 04:17:17,743 INFO s.App [main] Соединение с клиентом успешно установлено.
2023-05-09 04:17:17,743 INFO s.App [main] Запрос 'remove_by_id' успешно обработан.
2023-05-09 04:17:17,744 INFO s.App [main] Соединение с клиентом успешно установлено.
2023-05-09 04:17:17,744 INFO s.App [main] Запрос 'history' успешно обработан.
2023-05-09 04:17:42,772 INFO s.App [main] Соединение с клиентом успешно установлено.
2023-05-09 04:17:42,773 INFO s.App [main] Запрос 'execute_script' успешно обработан.
2023-05-09 04:17:42,775 INFO s.App [main] Соединение с клиентом успешно установлено.
2023-05-09 04:17:42,775 INFO s.App [main] Запрос 'help' успешно обработан.
2023-05-09 04:17:42,777 INFO s.App [main] Соединение с клиентом успешно установлено.
2023-05-09 04:17:42,777 INFO s.App [main] Запрос 'info' успешно обработан.
2023-05-09 04:17:42,778 INFO s.App [main] Соединение с клиентом успешно установлено.
2023-05-09 04:17:42,778 INFO s.App [main] Запрос 'show' успешно обработан.
2023-05-09 04:17:42,807 INFO s.App [main] Соединение с клиентом успешно установлено.
2023-05-09 04:17:42,810 INFO s.App [main] Запрос 'add' успешно обработан.
2023-05-09 04:17:42,818 INFO s.App [main] Соединение с клиентом успешно установлено.
2023-05-09 04:17:42,818 INFO s.App [main] Запрос 'execute_script' успешно обработан.
2023-05-09 04:17:42,819 INFO s.App [main] Соединение с клиентом успешно установлено.
2023-05-09 04:17:42,819 INFO s.App [main] Запрос 'info' успешно обработан.
2023-05-09 04:17:42,820 INFO s.App [main] Соединение с клиентом успешно установлено.
2023-05-09 04:17:42,820 INFO s.App [main] Запрос 'remove_by_id' успешно обработан.
2023-05-09 04:17:42,821 INFO s.App [main] Соединение с клиентом успешно установлено.
2023-05-09 04:17:42,821 INFO s.App [main] Запрос 'history' успешно обработан.
2023-05-09 04:17:42,823 INFO s.App [main] Соединение с клиентом успешно установлено.
2023-05-09 04:17:42,832 INFO s.App [main] Запрос '' успешно обработан.
2023-05-09 04:18:20,822 INFO s.App [main] Коллекция успешно загружена.
2023-05-09 04:18:20,931 INFO s.App [main] Запуск сервера...
2023-05-09 04:18:20,935 INFO s.App [main] Сервер успешно запущен.
2023-05-09 04:18:20,937 INFO s.App [main] Прослушивание порта '1821'...
2023-05-09 04:18:25,427 INFO s.App [main] Соединение с клиентом успешно установлено.
2023-05-09 04:18:25,430 INFO s.App [main] Запрос 'help' успешно обработан.
2023-05-09 04:18:28,286 INFO s.App [main] Соединение с клиентом успешно установлено.
2023-05-09 04:18:28,287 INFO s.App [main] Запрос 'info' успешно обработан.
2023-05-09 04:18:31,764 INFO s.App [main] Соединение с клиентом успешно установлено.
2023-05-09 04:18:31,765 INFO s.App [main] Запрос 'execute_script' успешно обработан.
2023-05-09 04:18:31,766 INFO s.App [main] Соединение с клиентом успешно установлено.
2023-05-09 04:18:31,767 INFO s.App [main] Запрос 'help' успешно обработан.
2023-05-09 04:18:31,768 INFO s.App [main] Соединение с клиентом успешно установлено.
2023-05-09 04:18:31,768 INFO s.App [main] Запрос 'info' успешно обработан.
2023-05-09 04:18:31,769 INFO s.App [main] Соединение с клиентом успешно установлено.
2023-05-09 04:18:31,769 INFO s.App [main] Запрос 'show' успешно обработан.
2023-05-09 04:18:31,808 INFO s.App [main] Соединение с клиентом успешно установлено.
2023-05-09 04:18:31,815 INFO s.App [main] Запрос 'add' успешно обработан.
2023-05-09 04:18:31,823 INFO s.App [main] Соединение с клиентом успешно установлено.
2023-05-09 04:18:31,823 INFO s.App [main] Запрос 'execute_script' успешно обработан.
2023-05-09 04:18:31,824 INFO s.App [main] Соединение с клиентом успешно установлено.
2023-05-09 04:18:31,824 INFO s.App [main] Запрос 'info' успешно обработан.
2023-05-09 04:18:31,825 INFO s.App [main] Соединение с клиентом успешно установлено.
2023-05-09 04:18:31,825 INFO s.App [main] Запрос 'remove_by_id' успешно обработан.
2023-05-09 04:18:31,827 INFO s.App [main] Соединение с клиентом успешно установлено.
2023-05-09 04:18:31,827 INFO s.App [main] Запрос 'history' успешно обработан.
